2026-05-06T14:56:14.669+05:30  INFO 8868 --- [GsbWorkDay] [restartedMain] c.g.gsbworkday.GsbWorkDayApplication     : Starting GsbWorkDayApplication using Java 25.0.2 with PID 8868 (C:\Users\Admin\OneDrive\Desktop\springProjects\GsbWorkDay\target\classes started by Admin in C:\Users\Admin\OneDrive\Desktop\springProjects\GsbWorkDay)
2026-05-06T14:56:14.696+05:30 DEBUG 8868 --- [GsbWorkDay] [restartedMain] c.g.gsbworkday.GsbWorkDayApplication     : Running with Spring Boot v3.2.2, Spring v6.1.3
2026-05-06T14:56:14.700+05:30  INFO 8868 --- [GsbWorkDay] [restartedMain] c.g.gsbworkday.GsbWorkDayApplication     : No active profile set, falling back to 1 default profile: "default"
2026-05-06T14:56:14.893+05:30  INFO 8868 --- [GsbWorkDay] [restartedMain] .e.DevToolsPropertyDefaultsPostProcessor : Devtools property defaults active! Set 'spring.devtools.add-properties' to 'false' to disable
2026-05-06T14:56:14.894+05:30  INFO 8868 --- [GsbWorkDay] [restartedMain] .e.DevToolsPropertyDefaultsPostProcessor : For additional web related logging consider setting the 'logging.level.web' property to 'DEBUG'
2026-05-06T14:56:18.381+05:30  INFO 8868 --- [GsbWorkDay] [restartedMain] .s.d.r.c.RepositoryConfigurationDelegate : Bootstrapping Spring Data JPA repositories in DEFAULT mode.
2026-05-06T14:56:18.617+05:30  INFO 8868 --- [GsbWorkDay] [restartedMain] .s.d.r.c.RepositoryConfigurationDelegate : Finished Spring Data repository scanning in 202 ms. Found 34 JPA repository interfaces.
2026-05-06T14:56:20.747+05:30  INFO 8868 --- [GsbWorkDay] [restartedMain] o.s.b.w.embedded.tomcat.TomcatWebServer  : Tomcat initialized with port 8080 (http)
2026-05-06T14:56:20.805+05:30  INFO 8868 --- [GsbWorkDay] [restartedMain] o.apache.catalina.core.StandardService   : Starting service [Tomcat]
2026-05-06T14:56:20.808+05:30  INFO 8868 --- [GsbWorkDay] [restartedMain] o.apache.catalina.core.StandardEngine    : Starting Servlet engine: [Apache Tomcat/10.1.18]
2026-05-06T14:56:20.911+05:30  INFO 8868 --- [GsbWorkDay] [restartedMain] o.a.c.c.C.[Tomcat].[localhost].[/]       : Initializing Spring embedded WebApplicationContext
2026-05-06T14:56:20.912+05:30  INFO 8868 --- [GsbWorkDay] [restartedMain] w.s.c.ServletWebServerApplicationContext : Root WebApplicationContext: initialization completed in 6016 ms
2026-05-06T14:56:21.430+05:30  INFO 8868 --- [GsbWorkDay] [restartedMain] o.hibernate.jpa.internal.util.LogHelper  : HHH000204: Processing PersistenceUnitInfo [name: default]
2026-05-06T14:56:21.539+05:30  INFO 8868 --- [GsbWorkDay] [restartedMain] org.hibernate.Version                    : HHH000412: Hibernate ORM core version 6.4.1.Final
2026-05-06T14:56:21.644+05:30  INFO 8868 --- [GsbWorkDay] [restartedMain] o.h.c.internal.RegionFactoryInitiator    : HHH000026: Second-level cache disabled
2026-05-06T14:56:22.120+05:30  INFO 8868 --- [GsbWorkDay] [restartedMain] o.s.o.j.p.SpringPersistenceUnitInfo      : No LoadTimeWeaver setup: ignoring JPA class transformer
2026-05-06T14:56:22.161+05:30  INFO 8868 --- [GsbWorkDay] [restartedMain] com.zaxxer.hikari.HikariDataSource       : HikariPool-1 - Starting...
2026-05-06T14:56:22.686+05:30  INFO 8868 --- [GsbWorkDay] [restartedMain] com.zaxxer.hikari.pool.HikariPool        : HikariPool-1 - Added connection com.mysql.cj.jdbc.ConnectionImpl@6905832b
2026-05-06T14:56:22.689+05:30  INFO 8868 --- [GsbWorkDay] [restartedMain] com.zaxxer.hikari.HikariDataSource       : HikariPool-1 - Start completed.
2026-05-06T14:56:22.766+05:30  WARN 8868 --- [GsbWorkDay] [restartedMain] org.hibernate.orm.deprecation            : HHH90000025: MySQLDialect does not need to be specified explicitly using 'hibernate.dialect' (remove the property setting and it will be selected by default)
2026-05-06T14:56:24.649+05:30  INFO 8868 --- [GsbWorkDay] [restartedMain] o.h.e.t.j.p.i.JtaPlatformInitiator       : HHH000489: No JTA platform available (set 'hibernate.transaction.jta.platform' to enable JTA platform integration)
2026-05-06T14:56:25.708+05:30  INFO 8868 --- [GsbWorkDay] [restartedMain] j.LocalContainerEntityManagerFactoryBean : Initialized JPA EntityManagerFactory for persistence unit 'default'
2026-05-06T14:56:26.330+05:30  INFO 8868 --- [GsbWorkDay] [restartedMain] o.s.d.j.r.query.QueryEnhancerFactory     : Hibernate is in classpath; If applicable, HQL parser will be used.
2026-05-06T14:56:28.508+05:30  WARN 8868 --- [GsbWorkDay] [restartedMain] JpaBaseConfiguration$JpaWebConfiguration : spring.jpa.open-in-view is enabled by default. Therefore, database queries may be performed during view rendering. Explicitly configure spring.jpa.open-in-view to disable this warning
2026-05-06T14:56:29.357+05:30  INFO 8868 --- [GsbWorkDay] [restartedMain] o.s.b.a.e.web.EndpointLinksResolver      : Exposing 4 endpoint(s) beneath base path '/actuator'
2026-05-06T14:56:29.449+05:30  INFO 8868 --- [GsbWorkDay] [restartedMain] o.s.s.web.DefaultSecurityFilterChain     : Will secure any request with [org.springframework.security.web.session.DisableEncodeUrlFilter@359d30b9, org.springframework.security.web.context.request.async.WebAsyncManagerIntegrationFilter@4c75be93, org.springframework.security.web.context.SecurityContextHolderFilter@157f1335, org.springframework.security.web.header.HeaderWriterFilter@197da083, org.springframework.web.filter.CorsFilter@73423482, org.springframework.security.web.csrf.CsrfFilter@602c3a85, org.springframework.security.web.authentication.logout.LogoutFilter@3f988f07, org.springframework.security.web.authentication.UsernamePasswordAuthenticationFilter@1eedd4cd, org.springframework.security.web.savedrequest.RequestCacheAwareFilter@1e58f76d, org.springframework.security.web.servletapi.SecurityContextHolderAwareRequestFilter@b0f0d73, org.springframework.security.web.authentication.AnonymousAuthenticationFilter@47c57018, org.springframework.security.web.access.ExceptionTranslationFilter@269812cc, org.springframework.security.web.access.intercept.AuthorizationFilter@2e90c6f2]
2026-05-06T14:56:30.194+05:30  INFO 8868 --- [GsbWorkDay] [restartedMain] o.s.b.d.a.OptionalLiveReloadServer       : LiveReload server is running on port 35729
2026-05-06T14:56:30.332+05:30  INFO 8868 --- [GsbWorkDay] [restartedMain] o.s.b.w.embedded.tomcat.TomcatWebServer  : Tomcat started on port 8080 (http) with context path ''
2026-05-06T14:56:30.350+05:30  INFO 8868 --- [GsbWorkDay] [restartedMain] c.g.gsbworkday.GsbWorkDayApplication     : Started GsbWorkDayApplication in 16.341 seconds (process running for 18.262)
2026-05-06T14:56:30.502+05:30  INFO 8868 --- [GsbWorkDay] [http-nio-8080-exec-1] o.a.c.c.C.[Tomcat].[localhost].[/]       : Initializing Spring DispatcherServlet 'dispatcherServlet'
2026-05-06T14:56:30.503+05:30  INFO 8868 --- [GsbWorkDay] [http-nio-8080-exec-1] o.s.web.servlet.DispatcherServlet        : Initializing Servlet 'dispatcherServlet'
2026-05-06T14:56:30.504+05:30  INFO 8868 --- [GsbWorkDay] [http-nio-8080-exec-1] o.s.web.servlet.DispatcherServlet        : Completed initialization in 1 ms
2026-05-06T14:56:34.707+05:30  WARN 8868 --- [GsbWorkDay] [http-nio-8080-exec-7] actStandardFragmentInsertionTagProcessor : [THYMELEAF][http-nio-8080-exec-7][dashboard] Deprecated unwrapped fragment expression "includes/header :: header" found in template dashboard, line 257, col 10. Please use the complete syntax of fragment expressions instead ("~{includes/header :: header}"). The old, unwrapped syntax for fragment expressions will be removed in future versions of Thymeleaf.
2026-05-06T14:56:34.893+05:30  WARN 8868 --- [GsbWorkDay] [http-nio-8080-exec-4] .w.s.m.s.DefaultHandlerExceptionResolver : Resolved [org.springframework.web.method.annotation.MethodArgumentTypeMismatchException: Failed to convert value of type 'java.lang.String' to required type 'int'; For input string: "script.js"]
2026-05-06T14:56:38.597+05:30  WARN 8868 --- [GsbWorkDay] [http-nio-8080-exec-1] actStandardFragmentInsertionTagProcessor : [THYMELEAF][http-nio-8080-exec-1][candidatePage] Deprecated unwrapped fragment expression "includes/header :: header" found in template candidatePage, line 18, col 10. Please use the complete syntax of fragment expressions instead ("~{includes/header :: header}"). The old, unwrapped syntax for fragment expressions will be removed in future versions of Thymeleaf.
2026-05-06T14:56:39.867+05:30  WARN 8868 --- [GsbWorkDay] [http-nio-8080-exec-3] actStandardFragmentInsertionTagProcessor : [THYMELEAF][http-nio-8080-exec-3][managecandidates] Deprecated unwrapped fragment expression "includes/header :: header" found in template managecandidates, line 58, col 10. Please use the complete syntax of fragment expressions instead ("~{includes/header :: header}"). The old, unwrapped syntax for fragment expressions will be removed in future versions of Thymeleaf.
2026-05-06T14:56:41.548+05:30  WARN 8868 --- [GsbWorkDay] [http-nio-8080-exec-6] actStandardFragmentInsertionTagProcessor : [THYMELEAF][http-nio-8080-exec-6][itdashboard] Deprecated unwrapped fragment expression "includes/header :: header" found in template itdashboard, line 31, col 10. Please use the complete syntax of fragment expressions instead ("~{includes/header :: header}"). The old, unwrapped syntax for fragment expressions will be removed in future versions of Thymeleaf.
2026-05-06T14:57:30.820+05:30  WARN 8868 --- [GsbWorkDay] [http-nio-8080-exec-10] actStandardFragmentInsertionTagProcessor : [THYMELEAF][http-nio-8080-exec-10][approvedLeaves] Deprecated unwrapped fragment expression "includes/header :: header" found in template approvedLeaves, line 105, col 17. Please use the complete syntax of fragment expressions instead ("~{includes/header :: header}"). The old, unwrapped syntax for fragment expressions will be removed in future versions of Thymeleaf.
2026-05-06T14:57:47.962+05:30  WARN 8868 --- [GsbWorkDay] [http-nio-8080-exec-3] actStandardFragmentInsertionTagProcessor : [THYMELEAF][http-nio-8080-exec-3][approvedLeaves] Deprecated unwrapped fragment expression "includes/header :: header" found in template approvedLeaves, line 105, col 17. Please use the complete syntax of fragment expressions instead ("~{includes/header :: header}"). The old, unwrapped syntax for fragment expressions will be removed in future versions of Thymeleaf.
2026-05-06T14:57:53.335+05:30  WARN 8868 --- [GsbWorkDay] [http-nio-8080-exec-6] actStandardFragmentInsertionTagProcessor : [THYMELEAF][http-nio-8080-exec-6][resign] Deprecated unwrapped fragment expression "includes/header :: header" found in template resign, line 99, col 10. Please use the complete syntax of fragment expressions instead ("~{includes/header :: header}"). The old, unwrapped syntax for fragment expressions will be removed in future versions of Thymeleaf.
